-------------------------------------------------------------------------------
Test set: com.example.FrameTest
-------------------------------------------------------------------------------
Tests run: 12, Failures: 0, Errors: 12, Skipped: 0, Time elapsed: 2.282 s <<< FAILURE! -- in com.example.FrameTest
com.example.FrameTest.shouldAcceptThirdRollWhenLastFrameStartsWithStrike -- Time elapsed: 2.097 s <<< ERROR!
java.lang.UnsupportedOperationException: Not implemented yet
	at com.example.Frame.makeRoll(Frame.java:19)
	at com.example.FrameTest.shouldAcceptThirdRollWhenLastFrameStartsWithStrike(FrameTest.java:102)
	at java.base/java.lang.reflect.Method.invoke(Method.java:568)
	at java.base/java.util.ArrayList.forEach(ArrayList.java:1511)
	at java.base/java.util.ArrayList.forEach(ArrayList.java:1511)

com.example.FrameTest.shouldIncreaseScoreWhenFirstRollIsMadeInStandardFrame -- Time elapsed: 0.011 s <<< ERROR!
java.lang.UnsupportedOperationException: Not implemented yet
	at com.example.Frame.makeRoll(Frame.java:19)
	at com.example.FrameTest.shouldIncreaseScoreWhenFirstRollIsMadeInStandardFrame(FrameTest.java:28)
	at java.base/java.lang.reflect.Method.invoke(Method.java:568)
	at java.base/java.util.ArrayList.forEach(ArrayList.java:1511)
	at java.base/java.util.ArrayList.forEach(ArrayList.java:1511)

com.example.FrameTest.shouldIncreaseScoreWhenSecondRollIsMadeInStandardFrame -- Time elapsed: 0.007 s <<< ERROR!
java.lang.UnsupportedOperationException: Not implemented yet
	at com.example.Frame.makeRoll(Frame.java:19)
	at com.example.FrameTest.shouldIncreaseScoreWhenSecondRollIsMadeInStandardFrame(FrameTest.java:39)
	at java.base/java.lang.reflect.Method.invoke(Method.java:568)
	at java.base/java.util.ArrayList.forEach(ArrayList.java:1511)
	at java.base/java.util.ArrayList.forEach(ArrayList.java:1511)

com.example.FrameTest.shouldIncreaseScoreWhenSecondRollIsMadeAfterStrikeInLastFrame -- Time elapsed: 0.006 s <<< ERROR!
java.lang.UnsupportedOperationException: Not implemented yet
	at com.example.Frame.makeRoll(Frame.java:19)
	at com.example.FrameTest.shouldIncreaseScoreWhenSecondRollIsMadeAfterStrikeInLastFrame(FrameTest.java:90)
	at java.base/java.lang.reflect.Method.invoke(Method.java:568)
	at java.base/java.util.ArrayList.forEach(ArrayList.java:1511)
	at java.base/java.util.ArrayList.forEach(ArrayList.java:1511)

com.example.FrameTest.shouldRejectSecondRollWhenStandardFrameStartsWithStrike -- Time elapsed: 0.006 s <<< ERROR!
java.lang.UnsupportedOperationException: Not implemented yet
	at com.example.Frame.makeRoll(Frame.java:19)
	at com.example.FrameTest.shouldRejectSecondRollWhenStandardFrameStartsWithStrike(FrameTest.java:51)
	at java.base/java.lang.reflect.Method.invoke(Method.java:568)
	at java.base/java.util.ArrayList.forEach(ArrayList.java:1511)
	at java.base/java.util.ArrayList.forEach(ArrayList.java:1511)

com.example.FrameTest.shouldRejectThirdRollWhenStandardFrameAlreadyHasTwoRolls -- Time elapsed: 0.007 s <<< ERROR!
java.lang.UnsupportedOperationException: Not implemented yet
	at com.example.Frame.makeRoll(Frame.java:19)
	at com.example.FrameTest.shouldRejectThirdRollWhenStandardFrameAlreadyHasTwoRolls(FrameTest.java:63)
	at java.base/java.lang.reflect.Method.invoke(Method.java:568)
	at java.base/java.util.ArrayList.forEach(ArrayList.java:1511)
	at java.base/java.util.ArrayList.forEach(ArrayList.java:1511)

com.example.FrameTest.shouldIncreaseScoreWhenThirdRollIsMadeAfterSpareInLastFrame -- Time elapsed: 0.006 s <<< ERROR!
java.lang.UnsupportedOperationException: Not implemented yet
	at com.example.Frame.makeRoll(Frame.java:19)
	at com.example.FrameTest.shouldIncreaseScoreWhenThirdRollIsMadeAfterSpareInLastFrame(FrameTest.java:141)
	at java.base/java.lang.reflect.Method.invoke(Method.java:568)
	at java.base/java.util.ArrayList.forEach(ArrayList.java:1511)
	at java.base/java.util.ArrayList.forEach(ArrayList.java:1511)

com.example.FrameTest.shouldIncreaseScoreWhenThirdRollIsMadeAfterStrikeInLastFrame -- Time elapsed: 0.007 s <<< ERROR!
java.lang.UnsupportedOperationException: Not implemented yet
	at com.example.Frame.makeRoll(Frame.java:19)
	at com.example.FrameTest.shouldIncreaseScoreWhenThirdRollIsMadeAfterStrikeInLastFrame(FrameTest.java:115)
	at java.base/java.lang.reflect.Method.invoke(Method.java:568)
	at java.base/java.util.ArrayList.forEach(ArrayList.java:1511)
	at java.base/java.util.ArrayList.forEach(ArrayList.java:1511)

com.example.FrameTest.shouldRejectFourthRollInLastFrame -- Time elapsed: 0.006 s <<< ERROR!
java.lang.UnsupportedOperationException: Not implemented yet
	at com.example.Frame.makeRoll(Frame.java:19)
	at com.example.FrameTest.shouldRejectFourthRollInLastFrame(FrameTest.java:167)
	at java.base/java.lang.reflect.Method.invoke(Method.java:568)
	at java.base/java.util.ArrayList.forEach(ArrayList.java:1511)
	at java.base/java.util.ArrayList.forEach(ArrayList.java:1511)

com.example.FrameTest.shouldAcceptSecondRollWhenLastFrameStartsWithStrike -- Time elapsed: 0.005 s <<< ERROR!
java.lang.UnsupportedOperationException: Not implemented yet
	at com.example.Frame.makeRoll(Frame.java:19)
	at com.example.FrameTest.shouldAcceptSecondRollWhenLastFrameStartsWithStrike(FrameTest.java:78)
	at java.base/java.lang.reflect.Method.invoke(Method.java:568)
	at java.base/java.util.ArrayList.forEach(ArrayList.java:1511)
	at java.base/java.util.ArrayList.forEach(ArrayList.java:1511)

com.example.FrameTest.shouldRejectThirdRollWhenLastFrameHasNoStrikeOrSpare -- Time elapsed: 0.007 s <<< ERROR!
java.lang.UnsupportedOperationException: Not implemented yet
	at com.example.Frame.makeRoll(Frame.java:19)
	at com.example.FrameTest.shouldRejectThirdRollWhenLastFrameHasNoStrikeOrSpare(FrameTest.java:154)
	at java.base/java.lang.reflect.Method.invoke(Method.java:568)
	at java.base/java.util.ArrayList.forEach(ArrayList.java:1511)
	at java.base/java.util.ArrayList.forEach(ArrayList.java:1511)

com.example.FrameTest.shouldAcceptThirdRollWhenLastFrameStartsWithSpare -- Time elapsed: 0.004 s <<< ERROR!
java.lang.UnsupportedOperationException: Not implemented yet
	at com.example.Frame.makeRoll(Frame.java:19)
	at com.example.FrameTest.shouldAcceptThirdRollWhenLastFrameStartsWithSpare(FrameTest.java:128)
	at java.base/java.lang.reflect.Method.invoke(Method.java:568)
	at java.base/java.util.ArrayList.forEach(ArrayList.java:1511)
	at java.base/java.util.ArrayList.forEach(ArrayList.java:1511)

