<?xml version="1.0" encoding="UTF-8"?>
<testsuite xmlns:xsi="http://www.w3.org/2001/XMLSchema-instance" xsi:noNamespaceSchemaLocation="https://maven.apache.org/surefire/maven-surefire-plugin/xsd/surefire-test-report.xsd" version="3.0.2" name="com.example.FrameTest" time="1.687" tests="12" errors="0" skipped="0" failures="0" flakes="0">
  <properties>
[...]
</properties>
  <testcase name="shouldAcceptThirdRollWhenLastFrameStartsWithStrike" classname="Tests de Frame" time="1.603"/>
  <testcase name="shouldIncreaseScoreWhenFirstRollIsMadeInStandardFrame" classname="Tests de Frame" time="0.008"/>
  <testcase name="shouldIncreaseScoreWhenSecondRollIsMadeInStandardFrame" classname="Tests de Frame" time="0.003"/>
  <testcase name="shouldIncreaseScoreWhenSecondRollIsMadeAfterStrikeInLastFrame" classname="Tests de Frame" time="0.004"/>
  <testcase name="shouldRejectSecondRollWhenStandardFrameStartsWithStrike" classname="Tests de Frame" time="0.004"/>
  <testcase name="shouldRejectThirdRollWhenStandardFrameAlreadyHasTwoRolls" classname="Tests de Frame" time="0.003"/>
  <testcase name="shouldIncreaseScoreWhenThirdRollIsMadeAfterSpareInLastFrame" classname="Tests de Frame" time="0.003"/>
  <testcase name="shouldIncreaseScoreWhenThirdRollIsMadeAfterStrikeInLastFrame" classname="Tests de Frame" time="0.003"/>
  <testcase name="shouldRejectFourthRollInLastFrame" classname="Tests de Frame" time="0.002"/>
  <testcase name="shouldAcceptSecondRollWhenLastFrameStartsWithStrike" classname="Tests de Frame" time="0.002"/>
  <testcase name="shouldRejectThirdRollWhenLastFrameHasNoStrikeOrSpare" classname="Tests de Frame" time="0.002"/>
  <testcase name="shouldAcceptThirdRollWhenLastFrameStartsWithSpare" classname="Tests de Frame" time="0.001"/>
</testsuite>