<?xml version="1.0" encoding="UTF-8"?>
<testsuite xmlns:xsi="http://www.w3.org/2001/XMLSchema-instance" xsi:noNamespaceSchemaLocation="https://maven.apache.org/surefire/maven-surefire-plugin/xsd/surefire-test-report.xsd" version="3.0.2" name="com.example.FrameTest" time="2.282" tests="12" errors="12" skipped="0" failures="0" flakes="0">
  <properties>
[...]
</properties>
  <testcase name="shouldAcceptThirdRollWhenLastFrameStartsWithStrike" classname="Tests de Frame" time="2.097">
    <error message="Not implemented yet" type="java.lang.UnsupportedOperationException"><![CDATA[java.lang.UnsupportedOperationException: Not implemented yet
	at com.example.Frame.makeRoll(Frame.java:19)
	at com.example.FrameTest.shouldAcceptThirdRollWhenLastFrameStartsWithStrike(FrameTest.java:102)
	at java.base/java.lang.reflect.Method.invoke(Method.java:568)
	at java.base/java.util.ArrayList.forEach(ArrayList.java:1511)
	at java.base/java.util.ArrayList.forEach(ArrayList.java:1511)
]]></error>
  </testcase>
  <testcase name="shouldIncreaseScoreWhenFirstRollIsMadeInStandardFrame" classname="Tests de Frame" time="0.011">
    <error message="Not implemented yet" type="java.lang.UnsupportedOperationException"><![CDATA[java.lang.UnsupportedOperationException: Not implemented yet
	at com.example.Frame.makeRoll(Frame.java:19)
	at com.example.FrameTest.shouldIncreaseScoreWhenFirstRollIsMadeInStandardFrame(FrameTest.java:28)
	at java.base/java.lang.reflect.Method.invoke(Method.java:568)
	at java.base/java.util.ArrayList.forEach(ArrayList.java:1511)
	at java.base/java.util.ArrayList.forEach(ArrayList.java:1511)
]]></error>
  </testcase>
  <testcase name="shouldIncreaseScoreWhenSecondRollIsMadeInStandardFrame" classname="Tests de Frame" time="0.007">
    <error message="Not implemented yet" type="java.lang.UnsupportedOperationException"><![CDATA[java.lang.UnsupportedOperationException: Not implemented yet
	at com.example.Frame.makeRoll(Frame.java:19)
	at com.example.FrameTest.shouldIncreaseScoreWhenSecondRollIsMadeInStandardFrame(FrameTest.java:39)
	at java.base/java.lang.reflect.Method.invoke(Method.java:568)
	at java.base/java.util.ArrayList.forEach(ArrayList.java:1511)
	at java.base/java.util.ArrayList.forEach(ArrayList.java:1511)
]]></error>
  </testcase>
  <testcase name="shouldIncreaseScoreWhenSecondRollIsMadeAfterStrikeInLastFrame" classname="Tests de Frame" time="0.006">
    <error message="Not implemented yet" type="java.lang.UnsupportedOperationException"><![CDATA[java.lang.UnsupportedOperationException: Not implemented yet
	at com.example.Frame.makeRoll(Frame.java:19)
	at com.example.FrameTest.shouldIncreaseScoreWhenSecondRollIsMadeAfterStrikeInLastFrame(FrameTest.java:90)
	at java.base/java.lang.reflect.Method.invoke(Method.java:568)
	at java.base/java.util.ArrayList.forEach(ArrayList.java:1511)
	at java.base/java.util.ArrayList.forEach(ArrayList.java:1511)
]]></error>
  </testcase>
  <testcase name="shouldRejectSecondRollWhenStandardFrameStartsWithStrike" classname="Tests de Frame" time="0.006">
    <error message="Not implemented yet" type="java.lang.UnsupportedOperationException"><![CDATA[java.lang.UnsupportedOperationException: Not implemented yet
	at com.example.Frame.makeRoll(Frame.java:19)
	at com.example.FrameTest.shouldRejectSecondRollWhenStandardFrameStartsWithStrike(FrameTest.java:51)
	at java.base/java.lang.reflect.Method.invoke(Method.java:568)
	at java.base/java.util.ArrayList.forEach(ArrayList.java:1511)
	at java.base/java.util.ArrayList.forEach(ArrayList.java:1511)
]]></error>
  </testcase>
  <testcase name="shouldRejectThirdRollWhenStandardFrameAlreadyHasTwoRolls" classname="Tests de Frame" time="0.007">
    <error message="Not implemented yet" type="java.lang.UnsupportedOperationException"><![CDATA[java.lang.UnsupportedOperationException: Not implemented yet
	at com.example.Frame.makeRoll(Frame.java:19)
	at com.example.FrameTest.shouldRejectThirdRollWhenStandardFrameAlreadyHasTwoRolls(FrameTest.java:63)
	at java.base/java.lang.reflect.Method.invoke(Method.java:568)
	at java.base/java.util.ArrayList.forEach(ArrayList.java:1511)
	at java.base/java.util.ArrayList.forEach(ArrayList.java:1511)
]]></error>
  </testcase>
  <testcase name="shouldIncreaseScoreWhenThirdRollIsMadeAfterSpareInLastFrame" classname="Tests de Frame" time="0.006">
    <error message="Not implemented yet" type="java.lang.UnsupportedOperationException"><![CDATA[java.lang.UnsupportedOperationException: Not implemented yet
	at com.example.Frame.makeRoll(Frame.java:19)
	at com.example.FrameTest.shouldIncreaseScoreWhenThirdRollIsMadeAfterSpareInLastFrame(FrameTest.java:141)
	at java.base/java.lang.reflect.Method.invoke(Method.java:568)
	at java.base/java.util.ArrayList.forEach(ArrayList.java:1511)
	at java.base/java.util.ArrayList.forEach(ArrayList.java:1511)
]]></error>
  </testcase>
  <testcase name="shouldIncreaseScoreWhenThirdRollIsMadeAfterStrikeInLastFrame" classname="Tests de Frame" time="0.007">
    <error message="Not implemented yet" type="java.lang.UnsupportedOperationException"><![CDATA[java.lang.UnsupportedOperationException: Not implemented yet
	at com.example.Frame.makeRoll(Frame.java:19)
	at com.example.FrameTest.shouldIncreaseScoreWhenThirdRollIsMadeAfterStrikeInLastFrame(FrameTest.java:115)
	at java.base/java.lang.reflect.Method.invoke(Method.java:568)
	at java.base/java.util.ArrayList.forEach(ArrayList.java:1511)
	at java.base/java.util.ArrayList.forEach(ArrayList.java:1511)
]]></error>
  </testcase>
  <testcase name="shouldRejectFourthRollInLastFrame" classname="Tests de Frame" time="0.006">
    <error message="Not implemented yet" type="java.lang.UnsupportedOperationException"><![CDATA[java.lang.UnsupportedOperationException: Not implemented yet
	at com.example.Frame.makeRoll(Frame.java:19)
	at com.example.FrameTest.shouldRejectFourthRollInLastFrame(FrameTest.java:167)
	at java.base/java.lang.reflect.Method.invoke(Method.java:568)
	at java.base/java.util.ArrayList.forEach(ArrayList.java:1511)
	at java.base/java.util.ArrayList.forEach(ArrayList.java:1511)
]]></error>
  </testcase>
  <testcase name="shouldAcceptSecondRollWhenLastFrameStartsWithStrike" classname="Tests de Frame" time="0.005">
    <error message="Not implemented yet" type="java.lang.UnsupportedOperationException"><![CDATA[java.lang.UnsupportedOperationException: Not implemented yet
	at com.example.Frame.makeRoll(Frame.java:19)
	at com.example.FrameTest.shouldAcceptSecondRollWhenLastFrameStartsWithStrike(FrameTest.java:78)
	at java.base/java.lang.reflect.Method.invoke(Method.java:568)
	at java.base/java.util.ArrayList.forEach(ArrayList.java:1511)
	at java.base/java.util.ArrayList.forEach(ArrayList.java:1511)
]]></error>
  </testcase>
  <testcase name="shouldRejectThirdRollWhenLastFrameHasNoStrikeOrSpare" classname="Tests de Frame" time="0.007">
    <error message="Not implemented yet" type="java.lang.UnsupportedOperationException"><![CDATA[java.lang.UnsupportedOperationException: Not implemented yet
	at com.example.Frame.makeRoll(Frame.java:19)
	at com.example.FrameTest.shouldRejectThirdRollWhenLastFrameHasNoStrikeOrSpare(FrameTest.java:154)
	at java.base/java.lang.reflect.Method.invoke(Method.java:568)
	at java.base/java.util.ArrayList.forEach(ArrayList.java:1511)
	at java.base/java.util.ArrayList.forEach(ArrayList.java:1511)
]]></error>
  </testcase>
  <testcase name="shouldAcceptThirdRollWhenLastFrameStartsWithSpare" classname="Tests de Frame" time="0.004">
    <error message="Not implemented yet" type="java.lang.UnsupportedOperationException"><![CDATA[java.lang.UnsupportedOperationException: Not implemented yet
	at com.example.Frame.makeRoll(Frame.java:19)
	at com.example.FrameTest.shouldAcceptThirdRollWhenLastFrameStartsWithSpare(FrameTest.java:128)
	at java.base/java.lang.reflect.Method.invoke(Method.java:568)
	at java.base/java.util.ArrayList.forEach(ArrayList.java:1511)
	at java.base/java.util.ArrayList.forEach(ArrayList.java:1511)
]]></error>
  </testcase>
</testsuite>