<?xml version="1.0" encoding="UTF-8"?>
<testsuite xmlns:xsi="http://www.w3.org/2001/XMLSchema-instance" xsi:noNamespaceSchemaLocation="https://maven.apache.org/surefire/maven-surefire-plugin/xsd/surefire-test-report.xsd" version="3.0.2" name="com.example.RunCucumberTest" time="2.345" tests="9" errors="0" skipped="0" failures="0" flakes="0">
  <properties>
[...]
</properties>
  <testcase name="Notification envoyée en cas de succès" classname="RunCucumberTest" time="1.373">
    <system-out><![CDATA[
&amp#27;[1mScenario:&amp#27;[22m Notification envoyÃ©e en cas de succÃ¨s                                                                               &amp#27;[90m# classpath:features/notification.feature:3&amp#27;[39m
  &amp#27;[32mâœ”&amp#27;[39m &amp#27;[32m&amp#27;[1mGiven &amp#27;[22mune salle avec le code &amp#27;[1m"EVOLI"&amp#27;[22m de nom &amp#27;[1m"Salle Evoli"&amp#27;[22m et une capacitÃ© de &amp#27;[1m15&amp#27;[22m personnes&amp#27;[39m                                 &amp#27;[90m# com.example.BookingSteps.uneSalleAvecLeCode(java.lang.String,java.lang.String,int)&amp#27;[39m
  &amp#27;[32mâœ”&amp#27;[39m &amp#27;[32m&amp#27;[1mAnd &amp#27;[22maucune rÃ©servation existante pour la salle &amp#27;[1m"EVOLI"&amp#27;[22m&amp#27;[39m                                                                    &amp#27;[90m# com.example.BookingSteps.aucuneReservationExistante(java.lang.String)&amp#27;[39m
  &amp#27;[32mâœ”&amp#27;[39m &amp#27;[32m&amp#27;[1mWhen &amp#27;[22mje rÃ©serve la salle &amp#27;[1m"EVOLI"&amp#27;[22m pour &amp#27;[1m"alice@example.com"&amp#27;[22m avec &amp#27;[1m6&amp#27;[22m participants du &amp#27;[1m"2026-06-12T10:00"&amp#27;[22m au &amp#27;[1m"2026-06-12T12:00"&amp#27;[22m&amp#27;[39m &amp#27;[90m# com.example.BookingSteps.jeReserveLaSalle(java.lang.String,java.lang.String,int,java.lang.String,java.lang.String)&amp#27;[39m
  &amp#27;[32mâœ”&amp#27;[39m &amp#27;[32m&amp#27;[1mThen &amp#27;[22mune notification de confirmation est envoyÃ©e Ã  &amp#27;[1m"alice@example.com"&amp#27;[22m pour la salle &amp#27;[1m"EVOLI"&amp#27;[22m&amp#27;[39m                             &amp#27;[90m# com.example.BookingSteps.uneNotificationEstEnvoyee(java.lang.String,java.lang.String)&amp#27;[39m
]]></system-out>
  </testcase>
  <testcase name="Notification non envoyée en cas d&apos;échec" classname="RunCucumberTest" time="0.01">
    <system-out><![CDATA[
&amp#27;[1mScenario:&amp#27;[22m Notification non envoyÃ©e en cas d'Ã©chec                                                                                         &amp#27;[90m# classpath:features/notification.feature:9&amp#27;[39m
  &amp#27;[32mâœ”&amp#27;[39m &amp#27;[32m&amp#27;[1mGiven &amp#27;[22maucune salle avec le code &amp#27;[1m"RONDOUDOU"&amp#27;[22m&amp#27;[39m                                                                                           &amp#27;[90m# com.example.BookingSteps.aucuneSalleAvecLeCode(java.lang.String)&amp#27;[39m
  &amp#27;[32mâœ”&amp#27;[39m &amp#27;[32m&amp#27;[1mWhen &amp#27;[22mje tente de rÃ©server la salle &amp#27;[1m"RONDOUDOU"&amp#27;[22m pour &amp#27;[1m"bob@example.com"&amp#27;[22m avec &amp#27;[1m4&amp#27;[22m participants du &amp#27;[1m"2026-06-12T14:00"&amp#27;[22m au &amp#27;[1m"2026-06-12T16:00"&amp#27;[22m&amp#27;[39m &amp#27;[90m# com.example.BookingSteps.jeTenteDeReserverLaSalle(java.lang.String,java.lang.String,int,java.lang.String,java.lang.String)&amp#27;[39m
  &amp#27;[32mâœ”&amp#27;[39m &amp#27;[32m&amp#27;[1mThen &amp#27;[22maucune notification n'est envoyÃ©e&amp#27;[39m                                                                                                &amp#27;[90m# com.example.BookingSteps.aucuneNotificationEstEnvoyee()&amp#27;[39m
]]></system-out>
  </testcase>
  <testcase name="Réservation simple acceptée" classname="RunCucumberTest" time="0.019">
    <system-out><![CDATA[
&amp#27;[1mScenario:&amp#27;[22m RÃ©servation simple acceptÃ©e                                                                                           &amp#27;[90m# classpath:features/reservation-acceptee.feature:3&amp#27;[39m
  &amp#27;[32mâœ”&amp#27;[39m &amp#27;[32m&amp#27;[1mGiven &amp#27;[22mune salle avec le code &amp#27;[1m"PIKACHU"&amp#27;[22m de nom &amp#27;[1m"Salle Pikachu"&amp#27;[22m et une capacitÃ© de &amp#27;[1m10&amp#27;[22m personnes&amp#27;[39m                               &amp#27;[90m# com.example.BookingSteps.uneSalleAvecLeCode(java.lang.String,java.lang.String,int)&amp#27;[39m
  &amp#27;[32mâœ”&amp#27;[39m &amp#27;[32m&amp#27;[1mAnd &amp#27;[22maucune rÃ©servation existante pour la salle &amp#27;[1m"PIKACHU"&amp#27;[22m&amp#27;[39m                                                                    &amp#27;[90m# com.example.BookingSteps.aucuneReservationExistante(java.lang.String)&amp#27;[39m
  &amp#27;[32mâœ”&amp#27;[39m &amp#27;[32m&amp#27;[1mWhen &amp#27;[22mje rÃ©serve la salle &amp#27;[1m"PIKACHU"&amp#27;[22m pour &amp#27;[1m"alice@example.com"&amp#27;[22m avec &amp#27;[1m5&amp#27;[22m participants du &amp#27;[1m"2026-06-10T09:00"&amp#27;[22m au &amp#27;[1m"2026-06-10T11:00"&amp#27;[22m&amp#27;[39m &amp#27;[90m# com.example.BookingSteps.jeReserveLaSalle(java.lang.String,java.lang.String,int,java.lang.String,java.lang.String)&amp#27;[39m
  &amp#27;[32mâœ”&amp#27;[39m &amp#27;[32m&amp#27;[1mThen &amp#27;[22mla rÃ©servation est acceptÃ©e&amp#27;[39m                                                                                            &amp#27;[90m# com.example.BookingSteps.laReservationEstAcceptee()&amp#27;[39m
  &amp#27;[32mâœ”&amp#27;[39m &amp#27;[32m&amp#27;[1mAnd &amp#27;[22mle message de confirmation est &amp#27;[1m"RÃ©servation confirmÃ©e"&amp#27;[22m&amp#27;[39m                                                                  &amp#27;[90m# com.example.BookingSteps.leMessageDeConfirmationEst(java.lang.String)&amp#27;[39m
]]></system-out>
  </testcase>
  <testcase name="Réservation acceptée à capacité maximale" classname="RunCucumberTest" time="0.015">
    <system-out><![CDATA[
&amp#27;[1mScenario:&amp#27;[22m RÃ©servation acceptÃ©e Ã  capacitÃ© maximale                                                                            &amp#27;[90m# classpath:features/reservation-acceptee.feature:10&amp#27;[39m
  &amp#27;[32mâœ”&amp#27;[39m &amp#27;[32m&amp#27;[1mGiven &amp#27;[22mune salle avec le code &amp#27;[1m"RONFLEX"&amp#27;[22m de nom &amp#27;[1m"Salle Ronflex"&amp#27;[22m et une capacitÃ© de &amp#27;[1m8&amp#27;[22m personnes&amp#27;[39m                              &amp#27;[90m# com.example.BookingSteps.uneSalleAvecLeCode(java.lang.String,java.lang.String,int)&amp#27;[39m
  &amp#27;[32mâœ”&amp#27;[39m &amp#27;[32m&amp#27;[1mAnd &amp#27;[22maucune rÃ©servation existante pour la salle &amp#27;[1m"RONFLEX"&amp#27;[22m&amp#27;[39m                                                                  &amp#27;[90m# com.example.BookingSteps.aucuneReservationExistante(java.lang.String)&amp#27;[39m
  &amp#27;[32mâœ”&amp#27;[39m &amp#27;[32m&amp#27;[1mWhen &amp#27;[22mje rÃ©serve la salle &amp#27;[1m"RONFLEX"&amp#27;[22m pour &amp#27;[1m"bob@example.com"&amp#27;[22m avec &amp#27;[1m8&amp#27;[22m participants du &amp#27;[1m"2026-06-10T14:00"&amp#27;[22m au &amp#27;[1m"2026-06-10T16:00"&amp#27;[22m&amp#27;[39m &amp#27;[90m# com.example.BookingSteps.jeReserveLaSalle(java.lang.String,java.lang.String,int,java.lang.String,java.lang.String)&amp#27;[39m
  &amp#27;[32mâœ”&amp#27;[39m &amp#27;[32m&amp#27;[1mThen &amp#27;[22mla rÃ©servation est acceptÃ©e&amp#27;[39m                                                                                          &amp#27;[90m# com.example.BookingSteps.laReservationEstAcceptee()&amp#27;[39m
  &amp#27;[32mâœ”&amp#27;[39m &amp#27;[32m&amp#27;[1mAnd &amp#27;[22mle message de confirmation est &amp#27;[1m"RÃ©servation confirmÃ©e"&amp#27;[22m&amp#27;[39m                                                                &amp#27;[90m# com.example.BookingSteps.leMessageDeConfirmationEst(java.lang.String)&amp#27;[39m
]]></system-out>
  </testcase>
  <testcase name="Réservation acceptée si le créneau commence après une réservation existante" classname="RunCucumberTest" time="0.007">
    <system-out><![CDATA[
&amp#27;[1mScenario:&amp#27;[22m RÃ©servation acceptÃ©e si le crÃ©neau commence aprÃ¨s une rÃ©servation existante                                               &amp#27;[90m# classpath:features/reservation-acceptee.feature:17&amp#27;[39m
  &amp#27;[32mâœ”&amp#27;[39m &amp#27;[32m&amp#27;[1mGiven &amp#27;[22mune salle avec le code &amp#27;[1m"DRACAUFEU"&amp#27;[22m de nom &amp#27;[1m"Salle Dracaufeu"&amp#27;[22m et une capacitÃ© de &amp#27;[1m6&amp#27;[22m personnes&amp#27;[39m                                &amp#27;[90m# com.example.BookingSteps.uneSalleAvecLeCode(java.lang.String,java.lang.String,int)&amp#27;[39m
  &amp#27;[32mâœ”&amp#27;[39m &amp#27;[32m&amp#27;[1mAnd &amp#27;[22mune rÃ©servation existante pour la salle &amp#27;[1m"DRACAUFEU"&amp#27;[22m du &amp#27;[1m"2026-06-11T08:00"&amp#27;[22m au &amp#27;[1m"2026-06-11T10:00"&amp#27;[22m&amp#27;[39m                             &amp#27;[90m# com.example.BookingSteps.uneReservationExistante(java.lang.String,java.lang.String,java.lang.String)&amp#27;[39m
  &amp#27;[32mâœ”&amp#27;[39m &amp#27;[32m&amp#27;[1mWhen &amp#27;[22mje rÃ©serve la salle &amp#27;[1m"DRACAUFEU"&amp#27;[22m pour &amp#27;[1m"charlie@example.com"&amp#27;[22m avec &amp#27;[1m3&amp#27;[22m participants du &amp#27;[1m"2026-06-11T10:00"&amp#27;[22m au &amp#27;[1m"2026-06-11T12:00"&amp#27;[22m&amp#27;[39m &amp#27;[90m# com.example.BookingSteps.jeReserveLaSalle(java.lang.String,java.lang.String,int,java.lang.String,java.lang.String)&amp#27;[39m
  &amp#27;[32mâœ”&amp#27;[39m &amp#27;[32m&amp#27;[1mThen &amp#27;[22mla rÃ©servation est acceptÃ©e&amp#27;[39m                                                                                                &amp#27;[90m# com.example.BookingSteps.laReservationEstAcceptee()&amp#27;[39m
  &amp#27;[32mâœ”&amp#27;[39m &amp#27;[32m&amp#27;[1mAnd &amp#27;[22mle message de confirmation est &amp#27;[1m"RÃ©servation confirmÃ©e"&amp#27;[22m&amp#27;[39m                                                                      &amp#27;[90m# com.example.BookingSteps.leMessageDeConfirmationEst(java.lang.String)&amp#27;[39m
]]></system-out>
  </testcase>
  <testcase name="Réservation refusée si la salle est inconnue" classname="RunCucumberTest" time="0.007">
    <system-out><![CDATA[
&amp#27;[1mScenario:&amp#27;[22m RÃ©servation refusÃ©e si la salle est inconnue                                                                                   &amp#27;[90m# classpath:features/reservation-refusee.feature:3&amp#27;[39m
  &amp#27;[32mâœ”&amp#27;[39m &amp#27;[32m&amp#27;[1mGiven &amp#27;[22maucune salle avec le code &amp#27;[1m"MEWTWO"&amp#27;[22m&amp#27;[39m                                                                                             &amp#27;[90m# com.example.BookingSteps.aucuneSalleAvecLeCode(java.lang.String)&amp#27;[39m
  &amp#27;[32mâœ”&amp#27;[39m &amp#27;[32m&amp#27;[1mWhen &amp#27;[22mje tente de rÃ©server la salle &amp#27;[1m"MEWTWO"&amp#27;[22m pour &amp#27;[1m"alice@example.com"&amp#27;[22m avec &amp#27;[1m5&amp#27;[22m participants du &amp#27;[1m"2026-06-10T09:00"&amp#27;[22m au &amp#27;[1m"2026-06-10T11:00"&amp#27;[22m&amp#27;[39m &amp#27;[90m# com.example.BookingSteps.jeTenteDeReserverLaSalle(java.lang.String,java.lang.String,int,java.lang.String,java.lang.String)&amp#27;[39m
  &amp#27;[32mâœ”&amp#27;[39m &amp#27;[32m&amp#27;[1mThen &amp#27;[22mla rÃ©servation est refusÃ©e avec le message &amp#27;[1m"Salle inconnue : MEWTWO"&amp#27;[22m&amp#27;[39m                                                            &amp#27;[90m# com.example.BookingSteps.laReservationEstRefuseeAvecLeMessage(java.lang.String)&amp#27;[39m
]]></system-out>
  </testcase>
  <testcase name="Réservation refusée si la capacité est insuffisante" classname="RunCucumberTest" time="0.006">
    <system-out><![CDATA[
&amp#27;[1mScenario:&amp#27;[22m RÃ©servation refusÃ©e si la capacitÃ© est insuffisante                                                                             &amp#27;[90m# classpath:features/reservation-refusee.feature:8&amp#27;[39m
  &amp#27;[32mâœ”&amp#27;[39m &amp#27;[32m&amp#27;[1mGiven &amp#27;[22mune salle avec le code &amp#27;[1m"CARAPUCE"&amp#27;[22m de nom &amp#27;[1m"Salle Carapuce"&amp#27;[22m et une capacitÃ© de &amp#27;[1m4&amp#27;[22m personnes&amp#27;[39m                                        &amp#27;[90m# com.example.BookingSteps.uneSalleAvecLeCode(java.lang.String,java.lang.String,int)&amp#27;[39m
  &amp#27;[32mâœ”&amp#27;[39m &amp#27;[32m&amp#27;[1mAnd &amp#27;[22maucune rÃ©servation existante pour la salle &amp#27;[1m"CARAPUCE"&amp#27;[22m&amp#27;[39m                                                                             &amp#27;[90m# com.example.BookingSteps.aucuneReservationExistante(java.lang.String)&amp#27;[39m
  &amp#27;[32mâœ”&amp#27;[39m &amp#27;[32m&amp#27;[1mWhen &amp#27;[22mje tente de rÃ©server la salle &amp#27;[1m"CARAPUCE"&amp#27;[22m pour &amp#27;[1m"bob@example.com"&amp#27;[22m avec &amp#27;[1m10&amp#27;[22m participants du &amp#27;[1m"2026-06-10T09:00"&amp#27;[22m au &amp#27;[1m"2026-06-10T11:00"&amp#27;[22m&amp#27;[39m &amp#27;[90m# com.example.BookingSteps.jeTenteDeReserverLaSalle(java.lang.String,java.lang.String,int,java.lang.String,java.lang.String)&amp#27;[39m
  &amp#27;[32mâœ”&amp#27;[39m &amp#27;[32m&amp#27;[1mThen &amp#27;[22mla rÃ©servation est refusÃ©e avec le message &amp#27;[1m"CapacitÃ© insuffisante"&amp#27;[22m&amp#27;[39m                                                               &amp#27;[90m# com.example.BookingSteps.laReservationEstRefuseeAvecLeMessage(java.lang.String)&amp#27;[39m
]]></system-out>
  </testcase>
  <testcase name="Réservation refusée si la période est invalide" classname="RunCucumberTest" time="0.009">
    <system-out><![CDATA[
&amp#27;[1mScenario:&amp#27;[22m RÃ©servation refusÃ©e si la pÃ©riode est invalide                                                                                       &amp#27;[90m# classpath:features/reservation-refusee.feature:14&amp#27;[39m
  &amp#27;[32mâœ”&amp#27;[39m &amp#27;[32m&amp#27;[1mGiven &amp#27;[22mune salle avec le code &amp#27;[1m"BULBIZARRE"&amp#27;[22m de nom &amp#27;[1m"Salle Bulbizarre"&amp#27;[22m et une capacitÃ© de &amp#27;[1m10&amp#27;[22m personnes&amp#27;[39m                                        &amp#27;[90m# com.example.BookingSteps.uneSalleAvecLeCode(java.lang.String,java.lang.String,int)&amp#27;[39m
  &amp#27;[32mâœ”&amp#27;[39m &amp#27;[32m&amp#27;[1mAnd &amp#27;[22maucune rÃ©servation existante pour la salle &amp#27;[1m"BULBIZARRE"&amp#27;[22m&amp#27;[39m                                                                                &amp#27;[90m# com.example.BookingSteps.aucuneReservationExistante(java.lang.String)&amp#27;[39m
  &amp#27;[32mâœ”&amp#27;[39m &amp#27;[32m&amp#27;[1mWhen &amp#27;[22mje tente de rÃ©server la salle &amp#27;[1m"BULBIZARRE"&amp#27;[22m pour &amp#27;[1m"charlie@example.com"&amp#27;[22m avec &amp#27;[1m3&amp#27;[22m participants du &amp#27;[1m"2026-06-10T11:00"&amp#27;[22m au &amp#27;[1m"2026-06-10T09:00"&amp#27;[22m&amp#27;[39m &amp#27;[90m# com.example.BookingSteps.jeTenteDeReserverLaSalle(java.lang.String,java.lang.String,int,java.lang.String,java.lang.String)&amp#27;[39m
  &amp#27;[32mâœ”&amp#27;[39m &amp#27;[32m&amp#27;[1mThen &amp#27;[22mla rÃ©servation est refusÃ©e avec le message &amp#27;[1m"PÃ©riode invalide"&amp#27;[22m&amp#27;[39m                                                                         &amp#27;[90m# com.example.BookingSteps.laReservationEstRefuseeAvecLeMessage(java.lang.String)&amp#27;[39m
]]></system-out>
  </testcase>
  <testcase name="Réservation refusée si conflit de réservation" classname="RunCucumberTest" time="0.006">
    <system-out><![CDATA[
&amp#27;[1mScenario:&amp#27;[22m RÃ©servation refusÃ©e si conflit de rÃ©servation                                                                                    &amp#27;[90m# classpath:features/reservation-refusee.feature:20&amp#27;[39m
  &amp#27;[32mâœ”&amp#27;[39m &amp#27;[32m&amp#27;[1mGiven &amp#27;[22mune salle avec le code &amp#27;[1m"MAGICARPE"&amp#27;[22m de nom &amp#27;[1m"Salle Magicarpe"&amp#27;[22m et une capacitÃ© de &amp#27;[1m20&amp#27;[22m personnes&amp#27;[39m                                      &amp#27;[90m# com.example.BookingSteps.uneSalleAvecLeCode(java.lang.String,java.lang.String,int)&amp#27;[39m
  &amp#27;[32mâœ”&amp#27;[39m &amp#27;[32m&amp#27;[1mAnd &amp#27;[22mune rÃ©servation existante pour la salle &amp#27;[1m"MAGICARPE"&amp#27;[22m du &amp#27;[1m"2026-06-11T09:00"&amp#27;[22m au &amp#27;[1m"2026-06-11T11:00"&amp#27;[22m&amp#27;[39m                                    &amp#27;[90m# com.example.BookingSteps.uneReservationExistante(java.lang.String,java.lang.String,java.lang.String)&amp#27;[39m
  &amp#27;[32mâœ”&amp#27;[39m &amp#27;[32m&amp#27;[1mWhen &amp#27;[22mje tente de rÃ©server la salle &amp#27;[1m"MAGICARPE"&amp#27;[22m pour &amp#27;[1m"dave@example.com"&amp#27;[22m avec &amp#27;[1m5&amp#27;[22m participants du &amp#27;[1m"2026-06-11T10:00"&amp#27;[22m au &amp#27;[1m"2026-06-11T12:00"&amp#27;[22m&amp#27;[39m &amp#27;[90m# com.example.BookingSteps.jeTenteDeReserverLaSalle(java.lang.String,java.lang.String,int,java.lang.String,java.lang.String)&amp#27;[39m
  &amp#27;[32mâœ”&amp#27;[39m &amp#27;[32m&amp#27;[1mThen &amp#27;[22mla rÃ©servation est refusÃ©e avec le message &amp#27;[1m"Salle dÃ©jÃ  rÃ©servÃ©e sur ce crÃ©neau"&amp#27;[22m&amp#27;[39m                                                   &amp#27;[90m# com.example.BookingSteps.laReservationEstRefuseeAvecLeMessage(java.lang.String)&amp#27;[39m
]]></system-out>
  </testcase>
</testsuite>