<?xml version="1.0" encoding="UTF-8"?>
<testsuite xmlns:xsi="http://www.w3.org/2001/XMLSchema-instance" xsi:noNamespaceSchemaLocation="https://maven.apache.org/surefire/maven-surefire-plugin/xsd/surefire-test-report.xsd" version="3.0.2" name="com.example.RunCucumberTest" time="2.51" tests="6" errors="0" skipped="0" failures="0" flakes="0">
  <properties>
[...]
</properties>
  <testcase name="Connexion réussie" classname="RunCucumberTest" time="1.567">
    <system-out><![CDATA[
&amp#27;[1mScenario:&amp#27;[22m Connexion rÃ©ussie                                                       &amp#27;[90m# classpath:features/connexion.feature:3&amp#27;[39m
  &amp#27;[32mâœ”&amp#27;[39m &amp#27;[32m&amp#27;[1mGiven &amp#27;[22mun utilisateur avec l'identifiant &amp#27;[1m"lea"&amp#27;[22m et le mot de passe &amp#27;[1m"Montagne42"&amp#27;[22m&amp#27;[39m &amp#27;[90m# com.example.ShopSteps.unUtilisateur(java.lang.String,java.lang.String)&amp#27;[39m
  &amp#27;[32mâœ”&amp#27;[39m &amp#27;[32m&amp#27;[1mWhen &amp#27;[22mje me connecte avec l'identifiant &amp#27;[1m"lea"&amp#27;[22m et le mot de passe &amp#27;[1m"Montagne42"&amp#27;[22m&amp#27;[39m  &amp#27;[90m# com.example.ShopSteps.jeMeConnecte(java.lang.String,java.lang.String)&amp#27;[39m
  &amp#27;[32mâœ”&amp#27;[39m &amp#27;[32m&amp#27;[1mThen &amp#27;[22mje suis connectÃ© avec le message &amp#27;[1m"Connexion rÃ©ussie"&amp#27;[22m&amp#27;[39m                     &amp#27;[90m# com.example.ShopSteps.jeSuisConnecte(java.lang.String)&amp#27;[39m
]]></system-out>
  </testcase>
  <testcase name="Connexion échouée avec mauvais mot de passe" classname="RunCucumberTest" time="0.008">
    <system-out><![CDATA[
&amp#27;[1mScenario:&amp#27;[22m Connexion Ã©chouÃ©e avec mauvais mot de passe                                   &amp#27;[90m# classpath:features/connexion.feature:8&amp#27;[39m
  &amp#27;[32mâœ”&amp#27;[39m &amp#27;[32m&amp#27;[1mGiven &amp#27;[22mun utilisateur avec l'identifiant &amp#27;[1m"lea"&amp#27;[22m et le mot de passe &amp#27;[1m"Montagne42"&amp#27;[22m&amp#27;[39m       &amp#27;[90m# com.example.ShopSteps.unUtilisateur(java.lang.String,java.lang.String)&amp#27;[39m
  &amp#27;[32mâœ”&amp#27;[39m &amp#27;[32m&amp#27;[1mWhen &amp#27;[22mje me connecte avec l'identifiant &amp#27;[1m"lea"&amp#27;[22m et le mot de passe &amp#27;[1m"mauvaisMotDePasse"&amp#27;[22m&amp#27;[39m &amp#27;[90m# com.example.ShopSteps.jeMeConnecte(java.lang.String,java.lang.String)&amp#27;[39m
  &amp#27;[32mâœ”&amp#27;[39m &amp#27;[32m&amp#27;[1mThen &amp#27;[22mje vois le message d'erreur &amp#27;[1m"Identifiants incorrects"&amp#27;[22m&amp#27;[39m                          &amp#27;[90m# com.example.ShopSteps.jeVoisMessageErreur(java.lang.String)&amp#27;[39m
]]></system-out>
  </testcase>
  <testcase name="Création d&apos;un nouveau compte réussie" classname="RunCucumberTest" time="0.007">
    <system-out><![CDATA[
&amp#27;[1mScenario:&amp#27;[22m CrÃ©ation d'un nouveau compte rÃ©ussie                                                                      &amp#27;[90m# classpath:features/creation-compte.feature:3&amp#27;[39m
  &amp#27;[32mâœ”&amp#27;[39m &amp#27;[32m&amp#27;[1mGiven &amp#27;[22maucun compte existant avec l'identifiant &amp#27;[1m"tristan"&amp#27;[22m&amp#27;[39m                                                        &amp#27;[90m# com.example.ShopSteps.aucunCompteExistant(java.lang.String)&amp#27;[39m
  &amp#27;[32mâœ”&amp#27;[39m &amp#27;[32m&amp#27;[1mWhen &amp#27;[22mje crÃ©e un compte avec l'email &amp#27;[1m"tristan@ynov.com"&amp#27;[22m, l'identifiant &amp#27;[1m"tristan"&amp#27;[22m et le mot de passe &amp#27;[1m"Soleil2026"&amp#27;[22m&amp#27;[39m &amp#27;[90m# com.example.ShopSteps.jeCreeUnCompte(java.lang.String,java.lang.String,java.lang.String)&amp#27;[39m
  &amp#27;[32mâœ”&amp#27;[39m &amp#27;[32m&amp#27;[1mThen &amp#27;[22mje reÃ§ois la confirmation &amp#27;[1m"Compte crÃ©Ã© avec succÃ¨s"&amp#27;[22m&amp#27;[39m                                                        &amp#27;[90m# com.example.ShopSteps.jeRecoisConfirmation(java.lang.String)&amp#27;[39m
]]></system-out>
  </testcase>
  <testcase name="Création d&apos;un compte avec un identifiant déjà existant" classname="RunCucumberTest" time="0.008">
    <system-out><![CDATA[
&amp#27;[1mScenario:&amp#27;[22m CrÃ©ation d'un compte avec un identifiant dÃ©jÃ  existant                                                  &amp#27;[90m# classpath:features/creation-compte.feature:8&amp#27;[39m
  &amp#27;[32mâœ”&amp#27;[39m &amp#27;[32m&amp#27;[1mGiven &amp#27;[22mun compte existant avec l'identifiant &amp#27;[1m"tristan"&amp#27;[22m&amp#27;[39m                                                         &amp#27;[90m# com.example.ShopSteps.unCompteExistant(java.lang.String)&amp#27;[39m
  &amp#27;[32mâœ”&amp#27;[39m &amp#27;[32m&amp#27;[1mWhen &amp#27;[22mje crÃ©e un compte avec l'email &amp#27;[1m"autre@ynov.com"&amp#27;[22m, l'identifiant &amp#27;[1m"tristan"&amp#27;[22m et le mot de passe &amp#27;[1m"PluieFine7"&amp#27;[22m&amp#27;[39m &amp#27;[90m# com.example.ShopSteps.jeCreeUnCompte(java.lang.String,java.lang.String,java.lang.String)&amp#27;[39m
  &amp#27;[32mâœ”&amp#27;[39m &amp#27;[32m&amp#27;[1mThen &amp#27;[22mje reÃ§ois l'erreur &amp#27;[1m"Identifiant dÃ©jÃ  utilisÃ©"&amp#27;[22m&amp#27;[39m                                                            &amp#27;[90m# com.example.ShopSteps.jeRecoisErreur(java.lang.String)&amp#27;[39m
]]></system-out>
  </testcase>
  <testcase name="Recherche par mot-clé" classname="RunCucumberTest" time="0.058">
    <system-out><![CDATA[
&amp#27;[1mScenario:&amp#27;[22m Recherche par mot-clÃ©                    &amp#27;[90m# classpath:features/recherche-produits.feature:3&amp#27;[39m
  &amp#27;[32mâœ”&amp#27;[39m &amp#27;[32m&amp#27;[1mGiven &amp#27;[22mdes produits contenant le mot-clÃ© &amp#27;[1m"vÃ©lo"&amp#27;[22m&amp#27;[39m &amp#27;[90m# com.example.ShopSteps.desProduitsMotCle(java.lang.String)&amp#27;[39m
  &amp#27;[32mâœ”&amp#27;[39m &amp#27;[32m&amp#27;[1mWhen &amp#27;[22mje recherche le mot-clÃ© &amp#27;[1m"vÃ©lo"&amp#27;[22m&amp#27;[39m            &amp#27;[90m# com.example.ShopSteps.jeRechercheMotCle(java.lang.String)&amp#27;[39m
  &amp#27;[32mâœ”&amp#27;[39m &amp#27;[32m&amp#27;[1mThen &amp#27;[22mje vois une liste de rÃ©sultats non vide&amp#27;[39m   &amp#27;[90m# com.example.ShopSteps.jeVoisListeNonVide()&amp#27;[39m
]]></system-out>
  </testcase>
  <testcase name="Recherche par prix maximum" classname="RunCucumberTest" time="0.01">
    <system-out><![CDATA[
&amp#27;[1mScenario:&amp#27;[22m Recherche par prix maximum                            &amp#27;[90m# classpath:features/recherche-produits.feature:8&amp#27;[39m
  &amp#27;[32mâœ”&amp#27;[39m &amp#27;[32m&amp#27;[1mGiven &amp#27;[22mdes produits avec un prix infÃ©rieur ou Ã©gal Ã  &amp#27;[1m50.0&amp#27;[22m&amp#27;[39m    &amp#27;[90m# com.example.ShopSteps.desProduitsAvecPrix(double)&amp#27;[39m
  &amp#27;[32mâœ”&amp#27;[39m &amp#27;[32m&amp#27;[1mWhen &amp#27;[22mje recherche les produits avec un prix maximum de &amp#27;[1m50.0&amp#27;[22m&amp#27;[39m &amp#27;[90m# com.example.ShopSteps.jeRecherchePrixMax(double)&amp#27;[39m
  &amp#27;[32mâœ”&amp#27;[39m &amp#27;[32m&amp#27;[1mThen &amp#27;[22mje vois une liste de rÃ©sultats non vide&amp#27;[39m                &amp#27;[90m# com.example.ShopSteps.jeVoisListeNonVide()&amp#27;[39m
]]></system-out>
  </testcase>
</testsuite>